# JRE version: OpenJDK Runtime Environment (8.0_152-b01) (build 1.8.0_152-release-915-b01)
# Java VM: OpenJDK 64-Bit Server VM (25.152-b01 mixed mode linux-amd64 compressed oops)
Heap:
 PSYoungGen      total 66048K, used 7649K [0x00000000eab00000, 0x00000000ef400000, 0x0000000100000000)
  eden space 58368K, 0% used [0x00000000eab00000,0x00000000eab00000,0x00000000ee400000)
  from space 7680K, 99% used [0x00000000ee400000,0x00000000eeb785f0,0x00000000eeb80000)
  to   space 6656K, 0% used [0x00000000eeb80000,0x00000000eeb80000,0x00000000ef200000)
 ParOldGen       total 38400K, used 20528K [0x00000000c0000000, 0x00000000c2580000, 0x00000000eab00000)
  object space 38400K, 53% used [0x00000000c0000000,0x00000000c140c170,0x00000000c2580000)
 Metaspace       used 5983K, capacity 6960K, committed 7040K, reserved 1056768K
  class space    used 594K, capacity 616K, committed 640K, reserved 1048576K
GC Heap History (10 events):
Event: 13.665 GC heap after
Heap after GC invocations=2 (full 0):
 PSYoungGen      total 16896K, used 2032K [0x00000000eab00000, 0x00000000ecc00000, 0x0000000100000000)
  eden space 14848K, 0% used [0x00000000eab00000,0x00000000eab00000,0x00000000eb980000)
  from space 2048K, 99% used [0x00000000ebb80000,0x00000000ebd7c010,0x00000000ebd80000)
  to   space 2048K, 0% used [0x00000000eb980000,0x00000000eb980000,0x00000000ebb80000)
 ParOldGen       total 38400K, used 3724K [0x00000000c0000000, 0x00000000c2580000, 0x00000000eab00000)
  object space 38400K, 9% used [0x00000000c0000000,0x00000000c03a32e0,0x00000000c2580000)
 Metaspace       used 5634K, capacity 6704K, committed 6784K, reserved 1056768K
  class space    used 571K, capacity 616K, committed 640K, reserved 1048576K
}
Event: 16.286 GC heap before
{Heap before GC invocations=3 (full 0):
 PSYoungGen      total 16896K, used 16880K [0x00000000eab00000, 0x00000000ecc00000, 0x0000000100000000)
  eden space 14848K, 100% used [0x00000000eab00000,0x00000000eb980000,0x00000000eb980000)
  from space 2048K, 99% used [0x00000000ebb80000,0x00000000ebd7c010,0x00000000ebd80000)
  to   space 2048K, 0% used [0x00000000eb980000,0x00000000eb980000,0x00000000ebb80000)
 ParOldGen       total 38400K, used 3724K [0x00000000c0000000, 0x00000000c2580000, 0x00000000eab00000)
  object space 38400K, 9% used [0x00000000c0000000,0x00000000c03a32e0,0x00000000c2580000)
 Metaspace       used 5710K, capacity 6768K, committed 7040K, reserved 1056768K
  class space    used 572K, capacity 616K, committed 640K, reserved 1048576K
Event: 16.390 GC heap after
Heap after GC invocations=3 (full 0):
 PSYoungGen      total 16896K, used 2023K [0x00000000eab00000, 0x00000000ecc00000, 0x0000000100000000)
  eden space 14848K, 0% used [0x00000000eab00000,0x00000000eab00000,0x00000000eb980000)
  from space 2048K, 98% used [0x00000000eb980000,0x00000000ebb79f30,0x00000000ebb80000)
  to   space 2048K, 0% used [0x00000000eca00000,0x00000000eca00000,0x00000000ecc00000)
 ParOldGen       total 38400K, used 5933K [0x00000000c0000000, 0x00000000c2580000, 0x00000000eab00000)
  object space 38400K, 15% used [0x00000000c0000000,0x00000000c05cb710,0x00000000c2580000)
 Metaspace       used 5710K, capacity 6768K, committed 7040K, reserved 1056768K
  class space    used 572K, capacity 616K, committed 640K, reserved 1048576K
}
Event: 17.687 GC heap before
{Heap before GC invocations=4 (full 0):
 PSYoungGen      total 16896K, used 16871K [0x00000000eab00000, 0x00000000ecc00000, 0x0000000100000000)
  eden space 14848K, 100% used [0x00000000eab00000,0x00000000eb980000,0x00000000eb980000)
  from space 2048K, 98% used [0x00000000eb980000,0x00000000ebb79f30,0x00000000ebb80000)
  to   space 2048K, 0% used [0x00000000eca00000,0x00000000eca00000,0x00000000ecc00000)
 ParOldGen       total 38400K, used 5933K [0x00000000c0000000, 0x00000000c2580000, 0x00000000eab00000)
  object space 38400K, 15% used [0x00000000c0000000,0x00000000c05cb710,0x00000000c2580000)
 Metaspace       used 5756K, capacity 6832K, committed 7040K, reserved 1056768K
  class space    used 574K, capacity 616K, committed 640K, reserved 1048576K
Event: 17.854 GC heap after
Heap after GC invocations=4 (full 0):
 PSYoungGen      total 31744K, used 2034K [0x00000000eab00000, 0x00000000ecc00000, 0x0000000100000000)
  eden space 29696K, 0% used [0x00000000eab00000,0x00000000eab00000,0x00000000ec800000)
  from space 2048K, 99% used [0x00000000eca00000,0x00000000ecbfcaf8,0x00000000ecc00000)
  to   space 2048K, 0% used [0x00000000ec800000,0x00000000ec800000,0x00000000eca00000)
 ParOldGen       total 38400K, used 8660K [0x00000000c0000000, 0x00000000c2580000, 0x00000000eab00000)
  object space 38400K, 22% used [0x00000000c0000000,0x00000000c0875318,0x00000000c2580000)
 Metaspace       used 5756K, capacity 6832K, committed 7040K, reserved 1056768K
  class space    used 574K, capacity 616K, committed 640K, reserved 1048576K
}
Event: 21.457 GC heap before
{Heap before GC invocations=5 (full 0):
 PSYoungGen      total 31744K, used 31730K [0x00000000eab00000, 0x00000000ecc00000, 0x0000000100000000)
  eden space 29696K, 100% used [0x00000000eab00000,0x00000000ec800000,0x00000000ec800000)
  from space 2048K, 99% used [0x00000000eca00000,0x00000000ecbfcaf8,0x00000000ecc00000)
  to   space 2048K, 0% used [0x00000000ec800000,0x00000000ec800000,0x00000000eca00000)
 ParOldGen       total 38400K, used 8660K [0x00000000c0000000, 0x00000000c2580000, 0x00000000eab00000)
  object space 38400K, 22% used [0x00000000c0000000,0x00000000c0875318,0x00000000c2580000)
 Metaspace       used 5883K, capacity 6832K, committed 7040K, reserved 1056768K
  class space    used 594K, capacity 616K, committed 640K, reserved 1048576K
Event: 21.588 GC heap after
Heap after GC invocations=5 (full 0):
 PSYoungGen      total 31744K, used 2029K [0x00000000eab00000, 0x00000000ef200000, 0x0000000100000000)
  eden space 29696K, 0% used [0x00000000eab00000,0x00000000eab00000,0x00000000ec800000)
  from space 2048K, 99% used [0x00000000ec800000,0x00000000ec9fb538,0x00000000eca00000)
  to   space 6656K, 0% used [0x00000000eeb80000,0x00000000eeb80000,0x00000000ef200000)
 ParOldGen       total 38400K, used 13551K [0x00000000c0000000, 0x00000000c2580000, 0x00000000eab00000)
  object space 38400K, 35% used [0x00000000c0000000,0x00000000c0d3bc20,0x00000000c2580000)
 Metaspace       used 5883K, capacity 6832K, committed 7040K, reserved 1056768K
  class space    used 594K, capacity 616K, committed 640K, reserved 1048576K
}
Event: 23.693 GC heap before
{Heap before GC invocations=6 (full 0):
 PSYoungGen      total 31744K, used 31725K [0x00000000eab00000, 0x00000000ef200000, 0x0000000100000000)
  eden space 29696K, 100% used [0x00000000eab00000,0x00000000ec800000,0x00000000ec800000)
  from space 2048K, 99% used [0x00000000ec800000,0x00000000ec9fb538,0x00000000eca00000)
  to   space 6656K, 0% used [0x00000000eeb80000,0x00000000eeb80000,0x00000000ef200000)
 ParOldGen       total 38400K, used 13551K [0x00000000c0000000, 0x00000000c2580000, 0x00000000eab00000)
  object space 38400K, 35% used [0x00000000c0000000,0x00000000c0d3bc20,0x00000000c2580000)
 Metaspace       used 5889K, capacity 6832K, committed 7040K, reserved 1056768K
  class space    used 594K, capacity 616K, committed 640K, reserved 1048576K
Event: 23.967 GC heap after
Heap after GC invocations=6 (full 0):
 PSYoungGen      total 65024K, used 6634K [0x00000000eab00000, 0x00000000ef400000, 0x0000000100000000)
  eden space 58368K, 0% used [0x00000000eab00000,0x00000000eab00000,0x00000000ee400000)
  from space 6656K, 99% used [0x00000000eeb80000,0x00000000ef1faa18,0x00000000ef200000)
  to   space 7680K, 0% used [0x00000000ee400000,0x00000000ee400000,0x00000000eeb80000)
 ParOldGen       total 38400K, used 13985K [0x00000000c0000000, 0x00000000c2580000, 0x00000000eab00000)
  object space 38400K, 36% used [0x00000000c0000000,0x00000000c0da84a8,0x00000000c2580000)
 Metaspace       used 5889K, capacity 6832K, committed 7040K, reserved 1056768K
  class space    used 594K, capacity 616K, committed 640K, reserved 1048576K
}
Event: 27.809 GC heap before
{Heap before GC invocations=7 (full 0):
 PSYoungGen      total 65024K, used 65002K [0x00000000eab00000, 0x00000000ef400000, 0x0000000100000000)
  eden space 58368K, 100% used [0x00000000eab00000,0x00000000ee400000,0x00000000ee400000)
  from space 6656K, 99% used [0x00000000eeb80000,0x00000000ef1faa18,0x00000000ef200000)
  to   space 7680K, 0% used [0x00000000ee400000,0x00000000ee400000,0x00000000eeb80000)
 ParOldGen       total 38400K, used 13985K [0x00000000c0000000, 0x00000000c2580000, 0x00000000eab00000)
  object space 38400K, 36% used [0x00000000c0000000,0x00000000c0da84a8,0x00000000c2580000)
 Metaspace       used 5983K, capacity 6960K, committed 7040K, reserved 1056768K
  class space    used 594K, capacity 616K, committed 640K, reserved 1048576K

